<?xml version="1.0" encoding="UTF-8"?>
<!-- Generated by org.testng.reporters.JUnitReportReporter -->
<testsuite hostname="DESKTOP-P8KL1PI" failures="0" tests="1" name="revision2.Assertion" time="5.191" errors="0" timestamp="2024-08-07T00:38:03 IST" skipped="0">
  <testcase classname="revision2.Assertion" name="assertnotnull" time="5.191"/>
  <system-out/>
</testsuite> <!-- revision2.Assertion -->
