<?xml version="1.0" encoding="UTF-8"?>
<!-- Generated by org.testng.reporters.JUnitReportReporter -->
<testsuite hostname="DESKTOP-P8KL1PI" failures="0" tests="1" name="assignment.JavaScriptExecutor" time="8.140" errors="0" timestamp="2024-08-06T01:55:22 IST" skipped="0">
  <testcase classname="assignment.JavaScriptExecutor" name="javascriptExecutor" time="8.140"/>
  <system-out/>
</testsuite> <!-- assignment.JavaScriptExecutor -->
