<?xml version="1.0" encoding="UTF-8"?>
<!-- Generated by org.testng.reporters.JUnitReportReporter -->
<testsuite hostname="DESKTOP-P8KL1PI" failures="0" tests="1" name="revision2.Table" time="5.476" errors="0" timestamp="2024-08-09T13:08:10 IST" skipped="0">
  <testcase classname="revision2.Table" name="tableprint" time="5.476"/>
  <system-out/>
</testsuite> <!-- revision2.Table -->
