<?xml version="1.0" encoding="UTF-8"?>
<!-- Generated by org.testng.reporters.JUnitReportReporter -->
<testsuite hostname="DESKTOP-P8KL1PI" failures="0" tests="1" name="revision2.FileUpload" time="4.807" errors="0" timestamp="2024-08-08T01:35:57 IST" skipped="0">
  <testcase classname="revision2.FileUpload" name="upload" time="4.807"/>
  <system-out/>
</testsuite> <!-- revision2.FileUpload -->
