<?xml version="1.0" encoding="UTF-8"?>
<!-- Generated by org.testng.reporters.JUnitReportReporter -->
<testsuite hostname="DESKTOP-P8KL1PI" failures="0" tests="1" name="assignment.Assertion" time="7.214" errors="0" timestamp="2024-08-07T00:05:22 IST" skipped="0">
  <testcase classname="assignment.Assertion" name="assertTrue" time="7.214"/>
  <system-out/>
</testsuite> <!-- assignment.Assertion -->
